{
  "RSpec": {
    "coverage": {
      "/Users/vi1551/Makers/month_1/week_4/pairing_work/bookmark_manager/app.rb": [
        1,
        1,
        1,
        1,
        null,
        null,
        1,
        null,
        1,
        1,
        null,
        1,
        5,
        null,
        null,
        1,
        4,
        null,
        null,
        1,
        4,
        4,
        null,
        null,
        1,
        10,
        10,
        null,
        null,
        1,
        1,
        1,
        null,
        null,
        1,
        1,
        1,
        null,
        null,
        1,
        1,
        1,
        null,
        null,
        1,
        null
      ],
      "/Users/vi1551/Makers/month_1/week_4/pairing_work/bookmark_manager/lib/bookmarks.rb": [
        1,
        1,
        null,
        1,
        null,
        1,
        null,
        1,
        32,
        32,
        32,
        null,
        null,
        1,
        14,
        16,
        null,
        null,
        null,
        1,
        16,
        14,
        14,
        null,
        null,
        1,
        2,
        null,
        null,
        1,
        2,
        null,
        null,
        1,
        2,
        2,
        null,
        null,
        1,
        null,
        1,
        16,
        null,
        null
      ],
      "/Users/vi1551/Makers/month_1/week_4/pairing_work/bookmark_manager/lib/database_connection_setup.rb": [
        1,
        null,
        1,
        1
      ],
      "/Users/vi1551/Makers/month_1/week_4/pairing_work/bookmark_manager/lib/database_connection.rb": [
        1,
        null,
        1,
        1,
        3,
        null,
        null,
        1,
        1,
        null,
        null,
        1,
        35,
        null,
        null
      ],
      "/Users/vi1551/Makers/month_1/week_4/pairing_work/bookmark_manager/spec/bookmarks_spec.rb": [
        1,
        null,
        1,
        null,
        4,
        null,
        1,
        1,
        1,
        1,
        null,
        1,
        1,
        1,
        1,
        1,
        1,
        1,
        null,
        null,
        null,
        1,
        1,
        1,
        1,
        null,
        1,
        1,
        1,
        1,
        null,
        1,
        1,
        null,
        1,
        null,
        null,
        null,
        1,
        1,
        1,
        1,
        1,
        null,
        null,
        null,
        1,
        1,
        1,
        1,
        1,
        1,
        1,
        1,
        null,
        null,
        null,
        1,
        1,
        1,
        null,
        1,
        null,
        1,
        1,
        1,
        1,
        null,
        null,
        null
      ],
      "/Users/vi1551/Makers/month_1/week_4/pairing_work/bookmark_manager/spec/database_connection_spec.rb": [
        1,
        null,
        1,
        1,
        1,
        1,
        1,
        null,
        null,
        null,
        1,
        1,
        1,
        1,
        1,
        null,
        null,
        null,
        null
      ],
      "/Users/vi1551/Makers/month_1/week_4/pairing_work/bookmark_manager/spec/feature/add_bookmarks_spec.rb": [
        1,
        1,
        1,
        1,
        null,
        null
      ],
      "/Users/vi1551/Makers/month_1/week_4/pairing_work/bookmark_manager/spec/feature/bookmark_title_are_links_spec.rb": [
        1,
        null,
        1,
        1,
        null,
        null,
        1,
        null,
        1,
        1,
        null,
        null
      ],
      "/Users/vi1551/Makers/month_1/week_4/pairing_work/bookmark_manager/spec/feature/delete_bookmarks_spec.rb": [
        1,
        1,
        1,
        1,
        1,
        null,
        1,
        1,
        null,
        null
      ],
      "/Users/vi1551/Makers/month_1/week_4/pairing_work/bookmark_manager/spec/feature/display_homepage_spec.rb": [
        1,
        1,
        1,
        1,
        null,
        null
      ],
      "/Users/vi1551/Makers/month_1/week_4/pairing_work/bookmark_manager/spec/feature/show_all_bookmarks_spec.rb": [
        1,
        null,
        1,
        1,
        null,
        null,
        1,
        1,
        1,
        null,
        1,
        null,
        1,
        1,
        1,
        null,
        null
      ],
      "/Users/vi1551/Makers/month_1/week_4/pairing_work/bookmark_manager/spec/feature/updating_a_bookmark_spec.rb": [
        1,
        1,
        1,
        1,
        1,
        null,
        1,
        1,
        null,
        1,
        1,
        1,
        null,
        1,
        1,
        1,
        null,
        null
      ],
      "/Users/vi1551/Makers/month_1/week_4/pairing_work/bookmark_manager/spec/feature/url_validation_spec.rb": [
        1,
        1,
        null,
        1,
        1,
        1,
        null,
        null
      ]
    },
    "timestamp": 1553875619
  }
}
